<testsuites>
  <testsuite name="nSNMP.Tests.dll" tests="273" skipped="0" failures="0" errors="0" time="4.875124299999999" timestamp="2025-09-27T20:05:10" hostname="tigger" id="0" package="nSNMP.Tests.dll">
    <properties />
    <testcase classname="nSNMP.Tests.nSNMP.SMI.PDUs.SetRequestTests" name="CanCreateSetRequest" time="0.0022374" />
    <testcase classname="nSNMP.Tests.nSNMP.SMI.X690.BERParserValidationTests" name="ParseType_ThrowsOnEmptyMemory" time="0.0026535" />
    <testcase classname="nSNMP.Tests.nSNMP.Security.KeyLocalizationTests" name="VerifyDigest_ValidatesCorrectly" time="0.0027161" />
    <testcase classname="nSNMP.Tests.nSNMP.SMI.DataTypes.V1.Primitive.NewDataTypesTests" name="IpAddress_FromString_Works" time="0.0039717" />
    <testcase classname="nSNMP.Tests.nSNMP.Message.MessageFactoryTests" name="CanCreateMessage" time="0.0039756" />
    <testcase classname="nSNMP.Tests.nSNMP.SMI.X690.BERParserValidationTests" name="ParseLengthOfNextDataField_ThrowsOnEmptyMemory" time="0.0000915" />
    <testcase classname="nSNMP.Tests.nSNMP.SMI.X690.BERParserTests" name="CanParseLongFormLength" time="0.0045869" />
    <testcase classname="nSNMP.Tests.nSNMP.SMI.X690.BERParserValidationTests" name="ParseLengthOfNextDataField_HandlesShortForm" time="0.0004915" />
    <testcase classname="nSNMP.Tests.nSNMP.SMI.PDUs.SetRequestTests" name="CanParseSetRequestPDU" time="0.0008379" />
    <testcase classname="nSNMP.Tests.nSNMP.SMI.PDUs.SetRequestTests" name="SetRequestCreate_ReturnsCorrectInstance" time="0.0000486" />
    <testcase classname="nSNMP.Tests.nSNMP.SMI.X690.BERParserTests" name="CanParseShortFormLength" time="0.0006589" />
    <testcase classname="nSNMP.Tests.nSNMP.SMI.X690.BERParserValidationTests" name="ParseDataField_ThrowsOnNegativeLength" time="0.0008023" />
    <testcase classname="nSNMP.Tests.nSNMP.SMI.X690.BERParserValidationTests" name="ParseLengthOfNextDataField_HandlesLongForm" time="0.0000363" />
    <testcase classname="nSNMP.Tests.nSNMP.SMI.X690.BERParserValidationTests" name="ParseDataField_ReadsExactLength" time="0.0001196" />
    <testcase classname="nSNMP.Tests.nSNMP.SMI.X690.BERParserValidationTests" name="ParseDataField_ThrowsOnShortRead" time="0.0000865" />
    <testcase classname="nSNMP.Tests.nSNMP.SMI.X690.BERParserValidationTests" name="ParseDataField_ReturnsEmptyArrayForZeroLength" time="0.0000372" />
    <testcase classname="nSNMP.Tests.nSNMP.SMI.X690.BERParserValidationTests" name="ParseLengthOfNextDataField_ThrowsOnIncompleteMultiByteLength" time="0.0001622" />
    <testcase classname="nSNMP.Tests.nSNMP.Agent.SnmpEngineTests" name="Constructor_WithCustomEngineId_UsesProvidedId" time="0.0000486" />
    <testcase classname="nSNMP.Tests.nSNMP.Agent.SnmpEngineTests" name="IsTimeValid_WithTimeOutsideWindow_ReturnsFalse" time="0.0001444" />
    <testcase classname="nSNMP.Tests.nSNMP.Security.UsmSecurityParametersTests" name="EngineIdHex_FormatsCorrectly" time="0.0004744" />
    <testcase classname="nSNMP.Tests.nSNMP.SMI.DataTypes.V1.Primitive.NewDataTypesTests" name="Gauge32_RoundTrip_Works" time="0.0024247" />
    <testcase classname="nSNMP.Tests.nSNMP.Security.UsmSecurityParametersTests" name="Parse_NullData_ReturnsEmptyParameters" time="0.0001937" />
    <testcase classname="nSNMP.Tests.nSNMP.Security.UsmSecurityParametersTests" name="Create_WithValues_CreatesCorrectParameters" time="0.0001191" />
    <testcase classname="nSNMP.Tests.nSNMP.Security.UsmSecurityParametersTests" name="HasAuthParams_DetectsCorrectly" time="0.0000565" />
    <testcase classname="nSNMP.Tests.nSNMP.SMI.X690.BERParserTests" name="CanParseBerTypeSequence" time="0.0018499" />
    <testcase classname="nSNMP.Tests.nSNMP.SMI.X690.BERParserTests" name="CanParseBerTypeOctetString" time="0.0000517" />
    <testcase classname="nSNMP.Tests.nSNMP.SMI.X690.BERParserTests" name="CanParseBerTypeInteger" time="0.0000370" />
    <testcase classname="nSNMP.Tests.nSNMP.Security.UsmSecurityParametersTests" name="CreateDiscovery_CreatesDiscoveryParameters" time="0.0008157" />
    <testcase classname="nSNMP.Tests.nSNMP.SMI.DataTypes.V1.Primitive.NewDataTypesTests" name="IpAddress_FromBytes_Works" time="0.0012196" />
    <testcase classname="nSNMP.Tests.nSNMP.Security.UsmSecurityParametersTests" name="Create_WithDefaults_CreatesEmptyParameters" time="0.0002193" />
    <testcase classname="nSNMP.Tests.nSNMP.Security.UsmSecurityParametersTests" name="HasPrivParams_DetectsCorrectly" time="0.0002249" />
    <testcase classname="nSNMP.Tests.nSNMP.SMI.DataTypes.V1.Primitive.NewDataTypesTests" name="Counter32_Zero_RoundTrip_Works" time="0.0005485" />
    <testcase classname="nSNMP.Tests.nSNMP.Security.UsmSecurityParametersTests" name="Parse_EmptyData_ReturnsEmptyParameters" time="0.0001693" />
    <testcase classname="nSNMP.Tests.nSNMP.Security.UsmSecurityParametersTests" name="IsDiscovery_DetectsDiscoveryCorrectly" time="0.0000295" />
    <testcase classname="nSNMP.Tests.nSNMP.SMI.PDUs.NewPDUTests" name="TrapV1_DefaultValues_Work" time="0.0068604" />
    <testcase classname="nSNMP.Tests.nSNMP.Security.KeyLocalizationTests" name="LocalizeKey_SameInputs_ProduceSameKey" time="0.0089817" />
    <testcase classname="nSNMP.Tests.nSNMP.SMI.PDUs.NewPDUTests" name="TrapV2_RoundTrip_Works" time="0.0003245" />
    <testcase classname="nSNMP.Tests.nSNMP.SMI.PDUs.NewPDUTests" name="GetBulkRequest_ConvenienceProperties_Work" time="0.0001354" />
    <testcase classname="nSNMP.Tests.nSNMP.SMI.PDUs.NewPDUTests" name="TrapV1_RoundTrip_Works" time="0.0002350" />
    <testcase classname="nSNMP.Tests.nSNMP.SMI.PDUs.NewPDUTests" name="InformRequest_RoundTrip_Works" time="0.0001469" />
    <testcase classname="nSNMP.Tests.nSNMP.SMI.PDUs.NewPDUTests" name="GetNextRequest_RoundTrip_Works" time="0.0001398" />
    <testcase classname="nSNMP.Tests.nSNMP.Security.UsmSecurityParametersTests" name="ToBytes_RoundTrip_WorksCorrectly" time="0.0058520" />
    <testcase classname="nSNMP.Tests.nSNMP.Security.KeyLocalizationTests" name="LocalizeKey_SupportedProtocols_WorkWithoutException(protocol: SHA512)" time="0.0026319" />
    <testcase classname="nSNMP.Tests.nSNMP.SMI.DataTypes.V1.Primitive.NewDataTypesTests" name="Counter64_RoundTrip_Works" time="0.0081139" />
    <testcase classname="nSNMP.Tests.nSNMP.Message.SnmpMessageNullHandlingTests" name="CanCreateMessageWithCommunityString" time="0.0019836" />
    <testcase classname="nSNMP.Tests.nSNMP.SMI.DataTypes.V1.Primitive.NewDataTypesTests" name="Opaque_ToString_ShowsHex" time="0.0001332" />
    <testcase classname="nSNMP.Tests.nSNMP.SMI.DataTypes.V1.Primitive.NewDataTypesTests" name="Opaque_RoundTrip_Works" time="0.0003520" />
    <testcase classname="nSNMP.Tests.nSNMP.Message.SnmpMessageNullHandlingTests" name="CanCreateMessageWithNullVersion" time="0.0003450" />
    <testcase classname="nSNMP.Tests.nSNMP.SMI.PDUs.NewPDUTests" name="AllNewPDUs_HaveCorrectTags" time="0.0031788" />
    <testcase classname="nSNMP.Tests.nSNMP.Message.SnmpMessageNullHandlingTests" name="CanCreateMessageWithPDU" time="0.0001312" />
    <testcase classname="nSNMP.Tests.nSNMP.SMI.DataTypes.V1.Primitive.NewDataTypesTests" name="Counter32_RoundTrip_Works" time="0.0001292" />
    <testcase classname="nSNMP.Tests.nSNMP.SMI.PDUs.NewPDUTests" name="GetBulkRequest_RoundTrip_Works" time="0.0003433" />
    <testcase classname="nSNMP.Tests.nSNMP.SMI.PDUs.NewPDUTests" name="Report_RoundTrip_Works" time="0.0002119" />
    <testcase classname="nSNMP.Tests.nSNMP.Message.SnmpMessageNullHandlingTests" name="CanCreateMessageWithNullCommunityString" time="0.0006933" />
    <testcase classname="nSNMP.Tests.nSNMP.SMI.DataTypes.V1.Constructed.SequenceTests" name="CanSplitSequenceData" time="0.0001560" />
    <testcase classname="nSNMP.Tests.nSNMP.Message.SnmpMessageNullHandlingTests" name="NewMessage_HasNullProperties" time="0.0000821" />
    <testcase classname="nSNMP.Tests.nSNMP.Message.SnmpMessageNullHandlingTests" name="CanCreateMessageWithNullPDU" time="0.0000409" />
    <testcase classname="nSNMP.Tests.nSNMP.SMI.DataTypes.V1.Constructed.SequenceTests" name="CanSplitMessageData" time="0.0002493" />
    <testcase classname="nSNMP.Tests.nSNMP.SMI.DataTypes.V1.Primitive.NewDataTypesTests" name="TimeTicks_ToString_Formats_Correctly" time="0.0015544" />
    <testcase classname="nSNMP.Tests.nSNMP.Security.KeyLocalizationTests" name="LocalizeKey_SupportedProtocols_WorkWithoutException(protocol: SHA1)" time="0.0031438" />
    <testcase classname="nSNMP.Tests.nSNMP.Message.SnmpMessageV3Tests" name="AuthFlag_ReadsCorrectly" time="0.0002033" />
    <testcase classname="nSNMP.Tests.nSNMP.SMI.DataTypes.V1.Primitive.NewDataTypesTests" name="ImplicitConversions_Work" time="0.0019552" />
    <testcase classname="nSNMP.Tests.nSNMP.SMI.DataTypes.V1.Primitive.NewDataTypesTests" name="IpAddress_RoundTrip_Works" time="0.0019062" />
    <testcase classname="nSNMP.Tests.nSNMP.SMI.DataTypes.V1.Primitive.NewDataTypesTests" name="TimeTicks_RoundTrip_Works" time="0.0000413" />
    <testcase classname="nSNMP.Tests.nSNMP.SMI.DataTypes.V1.Primitive.NewDataTypesTests" name="Counter32_MaxValue_Works" time="0.0000223" />
    <testcase classname="nSNMP.Tests.nSNMP.Message.SnmpMessageV3Tests" name="Create_WithScopedPdu_IncludesPdu" time="0.0025923" />
    <testcase classname="nSNMP.Tests.nSNMP.SMI.DataTypes.V1.Primitive.NewDataTypesTests" name="TimeTicks_FromTimeSpan_Works" time="0.0001740" />
    <testcase classname="nSNMP.Tests.nSNMP.Message.SnmpMessageNullHandlingTests" name="CanCreateMessageWithVersion" time="0.0049575" />
    <testcase classname="nSNMP.Tests.nSNMP.SMI.DataTypes.V1.Primitive.NewDataTypesTests" name="Opaque_Empty_RoundTrip_Works" time="0.0000405" />
    <testcase classname="nSNMP.Tests.nSNMP.Message.SnmpMessageNullHandlingTests" name="RecordWithExpression_CreatesNewInstance" time="0.0001462" />
    <testcase classname="nSNMP.Tests.nSNMP.Security.V3CredentialsTests" name="Validate_ThrowsForPrivWithoutPassword" time="0.0004468" />
    <testcase classname="nSNMP.Tests.nSNMP.Security.V3CredentialsTests" name="Validate_ThrowsForEmptyUsername" time="0.0001979" />
    <testcase classname="nSNMP.Tests.nSNMP.SMI.DataTypes.V1.Primitive.ObjectIdentifierTests" name="CanDecodeObjectIdentifierWithLargeSegment" time="0.0007100" />
    <testcase classname="nSNMP.Tests.nSNMP.Security.V3CredentialsTests" name="GetAuthKey_ReturnsEmptyForNoAuth" time="0.0001097" />
    <testcase classname="nSNMP.Tests.nSNMP.SMI.DataTypes.V1.Primitive.ObjectIdentifierTests" name="CanDecodeObjectIdentifierWithMaxValueSegment" time="0.0000987" />
    <testcase classname="nSNMP.Tests.nSNMP.SMI.DataTypes.V1.Primitive.ObjectIdentifierTests" name="CanDecodeObjectIdentifier" time="0.0000570" />
    <testcase classname="nSNMP.Tests.nSNMP.Security.KeyLocalizationTests" name="LocalizeKey_SupportedProtocols_WorkWithoutException(protocol: MD5)" time="0.0056248" />
    <testcase classname="nSNMP.Tests.nSNMP.Security.V3CredentialsTests" name="Validate_PassesForValidCredentials" time="0.0000988" />
    <testcase classname="nSNMP.Tests.nSNMP.Security.V3CredentialsTests" name="Validate_ThrowsForAuthWithoutPassword" time="0.0001736" />
    <testcase classname="nSNMP.Tests.nSNMP.Message.SnmpMessageV3Tests" name="Flags_ParseCorrectly(flagsByte: 0, expectedAuth: False, expectedPriv: False, expectedReportable: False)" time="0.0019116" />
    <testcase classname="nSNMP.Tests.nSNMP.MIB.MibManagerTests" name="GetStats_ReturnsValidStatistics" time="0.0067062" />
    <testcase classname="nSNMP.Tests.nSNMP.Message.SnmpMessageV3Tests" name="Flags_ParseCorrectly(flagsByte: 4, expectedAuth: False, expectedPriv: False, expectedReportable: True)" time="0.0001041" />
    <testcase classname="nSNMP.Tests.nSNMP.Message.SnmpMessageV3Tests" name="Flags_ParseCorrectly(flagsByte: 2, expectedAuth: False, expectedPriv: True, expectedReportable: False)" time="0.0000024" />
    <testcase classname="nSNMP.Tests.nSNMP.Message.SnmpMessageV3Tests" name="Flags_ParseCorrectly(flagsByte: 3, expectedAuth: True, expectedPriv: True, expectedReportable: False)" time="0.0000017" />
    <testcase classname="nSNMP.Tests.nSNMP.Message.SnmpMessageV3Tests" name="Flags_ParseCorrectly(flagsByte: 1, expectedAuth: True, expectedPriv: False, expectedReportable: False)" time="0.0000020" />
    <testcase classname="nSNMP.Tests.nSNMP.Message.SnmpMessageV3Tests" name="Flags_ParseCorrectly(flagsByte: 7, expectedAuth: True, expectedPriv: True, expectedReportable: True)" time="0.0000015" />
    <testcase classname="nSNMP.Tests.nSNMP.Message.SnmpMessageV3Tests" name="Flags_ParseCorrectly(flagsByte: 5, expectedAuth: True, expectedPriv: False, expectedReportable: True)" time="0.0000014" />
    <testcase classname="nSNMP.Tests.nSNMP.SMI.DataTypes.V1.Primitive.ObjectIdentifierEnhancedTests" name="StartsWith_Works" time="0.0006039" />
    <testcase classname="nSNMP.Tests.nSNMP.SMI.DataTypes.V1.Primitive.ObjectIdentifierEnhancedTests" name="GetNext_GeneratesCorrectNextOID" time="0.0000770" />
    <testcase classname="nSNMP.Tests.nSNMP.SMI.DataTypes.V1.Primitive.ObjectIdentifierEnhancedTests" name="Performance_OID_Operations_AreEfficient" time="0.0001823" />
    <testcase classname="nSNMP.Tests.nSNMP.SMI.DataTypes.V1.Primitive.ObjectIdentifierEnhancedTests" name="CompareTo_LexicographicOrdering_Works" time="0.0000724" />
    <testcase classname="nSNMP.Tests.nSNMP.SMI.DataTypes.V1.Primitive.ObjectIdentifierEnhancedTests" name="LexicographicSorting_WorksAsExpected" time="0.0001805" />
    <testcase classname="nSNMP.Tests.nSNMP.SMI.DataTypes.V1.Primitive.ObjectIdentifierEnhancedTests" name="CreateCached_CachesFrequentOIDs" time="0.0001265" />
    <testcase classname="nSNMP.Tests.nSNMP.MIB.MibManagerTests" name="NameToOid_ResolvesStandardObjects" time="0.0010173" />
    <testcase classname="nSNMP.Tests.nSNMP.Manager.SnmpErrorTests" name="GetAsync_Timeout_ThrowsSnmpTimeoutException" time="0.0263078" />
    <testcase classname="nSNMP.Tests.nSNMP.Manager.SnmpErrorTests" name="Dispose_CalledMultipleTimes_DoesNotThrow" time="0.0000473" />
    <testcase classname="nSNMP.Tests.nSNMP.Manager.SnmpErrorTests" name="GetAsync_AfterDispose_ThrowsObjectDisposedException" time="0.0003757" />
    <testcase classname="nSNMP.Tests.nSNMP.Security.KeyLocalizationTests" name="LocalizeKey_SupportedProtocols_WorkWithoutException(protocol: SHA384)" time="0.0024156" />
    <testcase classname="nSNMP.Tests.nSNMP.Security.V3CredentialsTests" name="GetAuthKey_ReturnsKeyForAuth" time="0.0024104" />
    <testcase classname="nSNMP.Tests.nSNMP.Message.SnmpMessageV3Tests" name="Parse_InvalidVersion_ThrowsException" time="0.0024070" />
    <testcase classname="nSNMP.Tests.nSNMP.Security.V3CredentialsTests" name="Validate_ThrowsForPrivWithoutAuth" time="0.0003198" />
    <testcase classname="nSNMP.Tests.nSNMP.SMI.DataTypes.V1.Primitive.ObjectIdentifierEnhancedTests" name="SNMP_Walk_Simulation_Works" time="0.0026946" />
    <testcase classname="nSNMP.Tests.nSNMP.Message.SnmpMessageV3Tests" name="ToBytes_RoundTrip_WorksCorrectly" time="0.0011587" />
    <testcase classname="nSNMP.Tests.nSNMP.SMI.DataTypes.V1.Primitive.ObjectIdentifierEnhancedTests" name="ComparisonOperators_Work" time="0.0000983" />
    <testcase classname="nSNMP.Tests.nSNMP.SMI.DataTypes.V1.Primitive.ObjectIdentifierEnhancedTests" name="EqualityOperators_Work" time="0.0000507" />
    <testcase classname="nSNMP.Tests.nSNMP.Message.SnmpMessageV3Tests" name="PrivFlag_ReadsCorrectly" time="0.0000755" />
    <testcase classname="nSNMP.Tests.nSNMP.SMI.DataTypes.V1.Primitive.ObjectIdentifierEnhancedTests" name="IsPrefixOf_Works" time="0.0000556" />
    <testcase classname="nSNMP.Tests.nSNMP.Message.SnmpMessageV3Tests" name="Create_WithFlags_SetsCorrectFlags" time="0.0000581" />
    <testcase classname="nSNMP.Tests.nSNMP.SMI.DataTypes.V1.Primitive.ObjectIdentifierEnhancedTests" name="GetParent_Works" time="0.0000446" />
    <testcase classname="nSNMP.Tests.nSNMP.SMI.DataTypes.V1.Primitive.ObjectIdentifierEnhancedTests" name="GetHashCode_ConsistentForEqualOIDs" time="0.0000488" />
    <testcase classname="nSNMP.Tests.nSNMP.Message.SnmpMessageV3Tests" name="Create_WithDefaults_CreatesCorrectMessage" time="0.0002058" />
    <testcase classname="nSNMP.Tests.nSNMP.SMI.DataTypes.V1.Primitive.ObjectIdentifierEnhancedTests" name="Append_AddsSubIdentifier" time="0.0000406" />
    <testcase classname="nSNMP.Tests.nSNMP.SMI.DataTypes.V1.Primitive.ObjectIdentifierEnhancedTests" name="Equals_WorksCorrectly" time="0.0000500" />
    <testcase classname="nSNMP.Tests.nSNMP.SMI.DataTypes.V1.Primitive.ObjectIdentifierEnhancedTests" name="GetParent_ReturnsNull_ForRootLevel" time="0.0000270" />
    <testcase classname="nSNMP.Tests.nSNMP.Message.SnmpMessageV3Tests" name="Create_WithSecurityParameters_IncludesParameters" time="0.0001346" />
    <testcase classname="nSNMP.Tests.nSNMP.Message.SnmpMessageV3Tests" name="ReportableFlag_ReadsCorrectly" time="0.0000677" />
    <testcase classname="nSNMP.Tests.nSNMP.Logging.SnmpLoggerTests" name="NullSnmpLogger_ShouldNotThrow" time="0.0001769" />
    <testcase classname="nSNMP.Tests.nSNMP.Security.V3CredentialsTests" name="GetPrivKey_ReturnsKeyForPriv" time="0.0031083" />
    <testcase classname="nSNMP.Tests.nSNMP.Security.KeyLocalizationTests" name="LocalizeKey_SupportedProtocols_WorkWithoutException(protocol: SHA256)" time="0.0051083" />
    <testcase classname="nSNMP.Tests.nSNMP.Security.KeyLocalizationTests" name="GetDigestLength_ReturnsCorrectLengths" time="0.0001158" />
    <testcase classname="nSNMP.Tests.nSNMP.MIB.MibManagerTests" name="SearchObjects_FindsMatchingObjects" time="0.0061324" />
    <testcase classname="nSNMP.Tests.nSNMP.Security.KeyLocalizationTests" name="CalculateDigest_ProducesCorrectLength" time="0.0000455" />
    <testcase classname="nSNMP.Tests.nSNMP.Security.KeyLocalizationTests" name="CalculateDigest_ReturnsEmptyForNoAuth" time="0.0000374" />
    <testcase classname="nSNMP.Tests.nSNMP.Security.V3CredentialsTests" name="GetPrivKey_ReturnsEmptyForNoPriv" time="0.0016332" />
    <testcase classname="nSNMP.Tests.nSNMP.SMI.DataTypes.V1.Primitive.ObjectIdentifierValidationTests" name="Create_ThrowsOnEmptyArray" time="0.0027712" />
    <testcase classname="nSNMP.Tests.nSNMP.Telemetry.SnmpTelemetryTests" name="RecordTransportOperation_ShouldNotThrow" time="0.0015691" />
    <testcase classname="nSNMP.Tests.nSNMP.SMI.DataTypes.V1.Primitive.ObjectIdentifierValidationTests" name="CreateFromString_ThrowsOnNull" time="0.0002384" />
    <testcase classname="nSNMP.Tests.nSNMP.Telemetry.SnmpTelemetryTests" name="StartActivity_WithUserName_ShouldIncludeUserTag" time="0.0002973" />
    <testcase classname="nSNMP.Tests.nSNMP.Telemetry.SnmpTelemetryTests" name="RecordSecurityOperation_ShouldNotThrow" time="0.0000890" />
    <testcase classname="nSNMP.Tests.nSNMP.Telemetry.SnmpTelemetryTests" name="ActivitySource_Name_ShouldBeCorrect" time="0.0000264" />
    <testcase classname="nSNMP.Tests.nSNMP.Telemetry.SnmpTelemetryTests" name="Meter_Name_ShouldBeCorrect" time="0.0000222" />
    <testcase classname="nSNMP.Tests.nSNMP.Telemetry.SnmpTelemetryTests" name="RecordError_ShouldNotThrow" time="0.0000256" />
    <testcase classname="nSNMP.Tests.nSNMP.Telemetry.SnmpTelemetryTests" name="StartActivity_ShouldCreateActivityWithCorrectTags" time="0.0001533" />
    <testcase classname="nSNMP.Tests.nSNMP.SMI.DataTypes.V1.Primitive.ObjectIdentifierValidationTests" name="Create_SucceedsWithMultipleElements" time="0.0005394" />
    <testcase classname="nSNMP.Tests.nSNMP.SMI.DataTypes.V1.Primitive.ObjectIdentifierValidationTests" name="CreateFromString_ParsesDottedNotation" time="0.0000547" />
    <testcase classname="nSNMP.Tests.nSNMP.SMI.DataTypes.V1.Primitive.ObjectIdentifierValidationTests" name="CreateFromString_HandlesLeadingDot" time="0.0000537" />
    <testcase classname="nSNMP.Tests.nSNMP.SMI.DataTypes.V1.Primitive.ObjectIdentifierValidationTests" name="ToString_ReturnsCorrectDottedNotation" time="0.0000288" />
    <testcase classname="nSNMP.Tests.nSNMP.Agent.V3UserDatabaseTests" name="Clear_RemovesAllUsers" time="0.0032148" />
    <testcase classname="nSNMP.Tests.nSNMP.Telemetry.SnmpTelemetryTests" name="TelemetryExtensions_StartTimer_ShouldWork" time="0.0002115" />
    <testcase classname="nSNMP.Tests.nSNMP.SMI.DataTypes.V1.Primitive.ObjectIdentifierValidationTests" name="Create_SucceedsWithTwoElements" time="0.0000594" />
    <testcase classname="nSNMP.Tests.nSNMP.SMI.DataTypes.V1.Primitive.ObjectIdentifierValidationTests" name="Create_ThrowsOnNullArray" time="0.0000740" />
    <testcase classname="nSNMP.Tests.nSNMP.SMI.DataTypes.V1.Primitive.ObjectIdentifierValidationTests" name="Create_ThrowsOnSingleElementArray" time="0.0001086" />
    <testcase classname="nSNMP.Tests.nSNMP.Telemetry.SnmpTelemetryTests" name="SetActivityError_ShouldSetCorrectTags" time="0.0003565" />
    <testcase classname="nSNMP.Tests.nSNMP.Telemetry.SnmpTelemetryTests" name="SnmpTelemetry_Initialization_ShouldWork" time="0.0000528" />
    <testcase classname="nSNMP.Tests.nSNMP.MIB.MibManagerTests" name="MibObject_TreeStructure_WorksCorrectly" time="0.0017878" />
    <testcase classname="nSNMP.Tests.nSNMP.MIB.MibManagerTests" name="MibManager_InitializesWithStandardObjects" time="0.0001493" />
    <testcase classname="nSNMP.Tests.nSNMP.Telemetry.SnmpTelemetryTests" name="ActivityTags_ShouldSupportNullValues" time="0.0004498" />
    <testcase classname="nSNMP.Tests.nSNMP.Telemetry.SnmpTelemetryTests" name="SetActivitySuccess_ShouldSetCorrectTags" time="0.0002114" />
    <testcase classname="nSNMP.Tests.nSNMP.Telemetry.SnmpTelemetryTests" name="RecordRequest_ShouldNotThrow" time="0.0004752" />
    <testcase classname="nSNMP.Tests.nSNMP.Telemetry.SnmpTelemetryTests" name="SnmpTelemetry_Metrics_ShouldBeCreated" time="0.0000883" />
    <testcase classname="nSNMP.Tests.nSNMP.Agent.SimpleScalarProviderTests" name="GetNextOid_WithLargerOid_ReturnsNull" time="0.0001032" />
    <testcase classname="nSNMP.Tests.nSNMP.Security.KeyLocalizationTests" name="LocalizeKey_MD5_ProducesCorrectLength" time="0.0033585" />
    <testcase classname="nSNMP.Tests.nSNMP.Agent.SimpleScalarProviderTests" name="SetValue_WithWritableProvider_ReturnsTrue" time="0.0001088" />
    <testcase classname="nSNMP.Tests.nSNMP.Agent.SimpleScalarProviderTests" name="CanHandle_WithMatchingOid_ReturnsTrue" time="0.0000257" />
    <testcase classname="nSNMP.Tests.nSNMP.Security.KeyLocalizationTests" name="VerifyDigest_RejectsIncorrectDigest" time="0.0000401" />
    <testcase classname="nSNMP.Tests.nSNMP.Security.KeyLocalizationTests" name="LocalizeKey_ReturnsEmptyForNoAuth" time="0.0000258" />
    <testcase classname="nSNMP.Tests.nSNMP.Agent.SimpleScalarProviderTests" name="CanHandle_WithNonMatchingOid_ReturnsFalse" time="0.0000265" />
    <testcase classname="nSNMP.Tests.nSNMP.Agent.SimpleScalarProviderTests" name="GetValue_WithMatchingOid_ReturnsValue" time="0.0000314" />
    <testcase classname="nSNMP.Tests.nSNMP.Agent.SimpleScalarProviderTests" name="SetValue_WithNonMatchingOid_ReturnsFalse" time="0.0000296" />
    <testcase classname="nSNMP.Tests.nSNMP.Agent.SimpleScalarProviderTests" name="GetValue_WithNonMatchingOid_ReturnsNull" time="0.0000293" />
    <testcase classname="nSNMP.Tests.nSNMP.Agent.SimpleScalarProviderTests" name="GetNextOid_WithSmallerOid_ReturnsProviderOid" time="0.0016471" />
    <testcase classname="nSNMP.Tests.nSNMP.Agent.SimpleScalarProviderTests" name="SetValue_WithReadOnlyProvider_ReturnsFalse" time="0.0001284" />
    <testcase classname="nSNMP.Tests.nSNMP.MIB.MibParserTests" name="ParseMibFile_ParsesTableWithIndex" time="0.0040904" />
    <testcase classname="nSNMP.Tests.nSNMP.MIB.MibManagerTests" name="GetNextOid_ReturnsCorrectNextOid" time="0.0045042" />
    <testcase classname="nSNMP.Tests.nSNMP.Agent.SimpleScalarProviderTests" name="Constructor_WithNullOid_ThrowsException" time="0.0011047" />
    <testcase classname="nSNMP.Tests.nSNMP.Agent.SimpleScalarProviderTests" name="GetNextOid_WithExactMatch_ReturnsNull" time="0.0000471" />
    <testcase classname="nSNMP.Tests.nSNMP.Agent.SimpleScalarProviderTests" name="Constructor_WithValidOid_CreatesProvider" time="0.0000280" />
    <testcase classname="nSNMP.Tests.nSNMP.Message.SnmpMessageTests" name="CanParseRequestMessage" time="0.0002449" />
    <testcase classname="nSNMP.Tests.nSNMP.Message.SnmpMessageTests" name="CanParseSnmpMessage" time="0.0000435" />
    <testcase classname="nSNMP.Tests.nSNMP.Message.SnmpMessageTests" name="CanParseLargeSnmpMessage" time="0.0000604" />
    <testcase classname="nSNMP.Tests.nSNMP.Security.CryptographicHelpersTests" name="ConstantTimeHashEquals_ShouldWorkCorrectly" time="0.0000861" />
    <testcase classname="nSNMP.Tests.nSNMP.Security.CryptographicHelpersTests" name="SecureStringToBytes_ShouldConvertAndWrapSecurely" time="0.0000963" />
    <testcase classname="nSNMP.Tests.nSNMP.Security.CryptographicHelpersTests" name="SecureByteArray_AccessAfterDispose_ShouldThrow" time="0.0002647" />
    <testcase classname="nSNMP.Tests.nSNMP.Agent.V3UserDatabaseTests" name="AddUser_WithValidCredentials_AddsUser" time="0.0065038" />
    <testcase classname="nSNMP.Tests.nSNMP.Security.V3CredentialsTests" name="AuthNoPriv_CreatesCorrectSecurityLevel" time="0.0077878" />
    <testcase classname="nSNMP.Tests.nSNMP.Security.CryptographicHelpersTests" name="SecureByteArray_DisposeShouldClearData" time="0.0003637" />
    <testcase classname="nSNMP.Tests.nSNMP.Security.V3CredentialsTests" name="NoAuthNoPriv_CreatesCorrectSecurityLevel" time="0.0000561" />
    <testcase classname="nSNMP.Tests.nSNMP.Security.CryptographicHelpersTests" name="SecureClear_ShouldZeroByteArray" time="0.0001399" />
    <testcase classname="nSNMP.Tests.nSNMP.Security.V3CredentialsTests" name="Validate_ThrowsForShortPasswords" time="0.0001230" />
    <testcase classname="nSNMP.Tests.nSNMP.Security.CryptographicHelpersTests" name="SecureClear_WithSpan_ShouldZeroData" time="0.0000642" />
    <testcase classname="nSNMP.Tests.nSNMP.Security.V3CredentialsTests" name="AuthPriv_CreatesCorrectSecurityLevel" time="0.0000522" />
    <testcase classname="nSNMP.Tests.nSNMP.SMI.DataTypes.V1.Primitive.IntegerTests" name="CanCreateIntegerFromLargeInt" time="0.0000324" />
    <testcase classname="nSNMP.Tests.nSNMP.SMI.DataTypes.V1.Primitive.IntegerTests" name="CanParseNegativeEight" time="0.0000319" />
    <testcase classname="nSNMP.Tests.nSNMP.Security.CryptographicHelpersTests" name="ConstantTimeEquals_ShouldWorkCorrectly" time="0.0001415" />
    <testcase classname="nSNMP.Tests.nSNMP.SMI.DataTypes.V1.Primitive.IntegerTests" name="CanCreateIntegerFromInt" time="0.0000195" />
    <testcase classname="nSNMP.Tests.nSNMP.SMI.DataTypes.V1.Primitive.IntegerTests" name="CanCreateIntegerFromNegativeInt" time="0.0000184" />
    <testcase classname="nSNMP.Tests.nSNMP.SMI.DataTypes.V1.Primitive.IntegerTests" name="CanParseNegativeTwo" time="0.0000269" />
    <testcase classname="nSNMP.Tests.nSNMP.Security.CryptographicHelpersTests" name="SecureCopy_ShouldCopyAndClearOriginal" time="0.0000958" />
    <testcase classname="nSNMP.Tests.nSNMP.SMI.DataTypes.V1.Primitive.IntegerTests" name="CanParse1024" time="0.0000289" />
    <testcase classname="nSNMP.Tests.nSNMP.SMI.DataTypes.V1.Primitive.IntegerTests" name="CanParseSixteen" time="0.0000272" />
    <testcase classname="nSNMP.Tests.nSNMP.SMI.DataTypes.V1.Primitive.IntegerTests" name="CanParseZero" time="0.0000220" />
    <testcase classname="nSNMP.Tests.nSNMP.Security.KeyLocalizationTests" name="LocalizeKey_DifferentEngineIds_ProduceDifferentKeys" time="0.0050669" />
    <testcase classname="nSNMP.Tests.nSNMP.SMI.DataTypes.V1.Primitive.OctetStringTests" name="CanReadPublicString" time="0.0000487" />
    <testcase classname="nSNMP.Tests.nSNMP.SMI.DataTypes.V1.Primitive.OctetStringTests" name="CanCreateOctetStringFromString" time="0.0000184" />
    <testcase classname="nSNMP.Tests.nSNMP.SMI.BERSerializationTests" name="SnmpMessage_RoundTrip_Works" time="0.0001444" />
    <testcase classname="nSNMP.Tests.nSNMP.SMI.DataTypes.V1.Primitive.OctetStringTests" name="CantReadNonAsciiCharacters" time="0.0000354" />
    <testcase classname="nSNMP.Tests.nSNMP.SMI.BERSerializationTests" name="GetRequest_RoundTrip_Works" time="0.0000937" />
    <testcase classname="nSNMP.Tests.nSNMP.SMI.BERSerializationTests" name="Sequence_WithElements_RoundTrip_Works" time="0.0001174" />
    <testcase classname="nSNMP.Tests.nSNMP.SMI.BERSerializationTests" name="Null_RoundTrip_Works" time="0.0000382" />
    <testcase classname="nSNMP.Tests.nSNMP.SMI.BERSerializationTests" name="ObjectIdentifier_RoundTrip_Works" time="0.0000404" />
    <testcase classname="nSNMP.Tests.nSNMP.SMI.BERSerializationTests" name="OctetString_EmptyString_RoundTrip_Works" time="0.0000264" />
    <testcase classname="nSNMP.Tests.nSNMP.SMI.BERSerializationTests" name="SetRequest_RoundTrip_Works" time="0.0000909" />
    <testcase classname="nSNMP.Tests.nSNMP.SMI.BERSerializationTests" name="Integer_RoundTrip_Works" time="0.0000294" />
    <testcase classname="nSNMP.Tests.nSNMP.MIB.MibManagerTests" name="GetSubtree_ReturnsCorrectObjects" time="0.0026820" />
    <testcase classname="nSNMP.Tests.nSNMP.SMI.BERSerializationTests" name="GetResponse_RoundTrip_Works" time="0.0000837" />
    <testcase classname="nSNMP.Tests.nSNMP.SMI.BERSerializationTests" name="Integer_NegativeValue_RoundTrip_Works" time="0.0000290" />
    <testcase classname="nSNMP.Tests.nSNMP.SMI.BERSerializationTests" name="Sequence_Empty_RoundTrip_Works" time="0.0000425" />
    <testcase classname="nSNMP.Tests.nSNMP.SMI.BERSerializationTests" name="OctetString_RoundTrip_Works" time="0.0000264" />
    <testcase classname="nSNMP.Tests.nSNMP.Manager.SnmpErrorTests" name="GetAsync_SnmpError_ThrowsSnmpErrorException" time="0.0153657" />
    <testcase classname="nSNMP.Tests.nSNMP.Manager.SnmpClientTests" name="GetAsync_SingleOid_ReturnsCorrectResult" time="0.0189773" />
    <testcase classname="nSNMP.Tests.nSNMP.Security.KeyLocalizationTests" name="LocalizeKey_SHA1_ProducesCorrectLength" time="0.0029115" />
    <testcase classname="nSNMP.Tests.nSNMP.MIB.MibParserTests" name="ParseMibFile_ParsesMultipleObjects" time="0.0090517" />
    <testcase classname="nSNMP.Tests.nSNMP.Security.KeyLocalizationTests" name="LocalizeKey_SHA256_ProducesCorrectLength" time="0.0043702" />
    <testcase classname="nSNMP.Tests.nSNMP.Agent.V3UserDatabaseTests" name="AddUser_LocalizesKeysCorrectly" time="0.0094319" />
    <testcase classname="nSNMP.Tests.nSNMP.Manager.SnmpErrorTests" name="SnmpErrorException_FromErrorStatus_CreatesCorrectMessages" time="0.0087136" />
    <testcase classname="nSNMP.Tests.nSNMP.MIB.MibManagerTests" name="MibObject_PropertiesSetCorrectly" time="0.0124450" />
    <testcase classname="nSNMP.Tests.nSNMP.MIB.MibManagerTests" name="OidToName_ResolvesStandardObjects" time="0.0002001" />
    <testcase classname="nSNMP.Tests.nSNMP.MIB.MibParserTests" name="ValidateModule_DetectsMissingFields" time="0.0087909" />
    <testcase classname="nSNMP.Tests.nSNMP.Logging.SnmpLoggerTests" name="SnmpLogger_LoggingMethods_ShouldWork" time="0.0263540" />
    <testcase classname="nSNMP.Tests.nSNMP.MIB.MibParserTests" name="ParseMibFile_ParsesBasicObjectType" time="0.0008015" />
    <testcase classname="nSNMP.Tests.nSNMP.MIB.MibParserTests" name="ValidateModule_PassesValidObjects" time="0.0002796" />
    <testcase classname="nSNMP.Tests.nSNMP.Agent.V3UserDatabaseTests" name="GetUserNames_ReturnsAllUsernames" time="0.0144250" />
    <testcase classname="nSNMP.Tests.nSNMP.Agent.V3UserDatabaseTests" name="GetUser_WithNonExistentUser_ReturnsNull" time="0.0000235" />
    <testcase classname="nSNMP.Tests.nSNMP.Agent.V3UserDatabaseTests" name="RemoveUser_WithExistingUser_RemovesUser" time="0.0000639" />
    <testcase classname="nSNMP.Tests.nSNMP.Agent.V3UserDatabaseTests" name="Constructor_WithNullEngine_ThrowsException" time="0.0000991" />
    <testcase classname="nSNMP.Tests.nSNMP.Agent.V3UserDatabaseTests" name="V3User_AuthenticationMethods_Work" time="0.0037338" />
    <testcase classname="nSNMP.Tests.nSNMP.Agent.V3UserDatabaseTests" name="HasUser_WithNonExistentUser_ReturnsFalse" time="0.0000287" />
    <testcase classname="nSNMP.Tests.nSNMP.Manager.SnmpClientTests" name="WalkAsync_StopsAtEndOfSubtree" time="0.0319371" />
    <testcase classname="nSNMP.Tests.nSNMP.Agent.V3UserDatabaseTests" name="V3User_SecurityLevels_CalculatedCorrectly" time="0.0081315" />
    <testcase classname="nSNMP.Tests.nSNMP.Agent.V3UserDatabaseTests" name="HasUser_WithExistingUser_ReturnsTrue" time="0.0000292" />
    <testcase classname="nSNMP.Tests.nSNMP.Agent.V3UserDatabaseTests" name="RemoveUser_WithNonExistentUser_ReturnsFalse" time="0.0000256" />
    <testcase classname="nSNMP.Tests.nSNMP.Agent.V3UserDatabaseTests" name="AddUser_WithInvalidCredentials_ThrowsException" time="0.0000977" />
    <testcase classname="nSNMP.Tests.nSNMP.Agent.V3UserDatabaseTests" name="GetUser_WithExistingUser_ReturnsUser" time="0.0072052" />
    <testcase classname="nSNMP.Tests.nSNMP.Agent.V3UserDatabaseTests" name="V3User_ToString_ReturnsUserInfo" time="0.0042783" />
    <testcase classname="nSNMP.Tests.nSNMP.Manager.SnmpClientTests" name="GetBulkAsync_V2c_SendsGetBulkRequest" time="0.0120467" />
    <testcase classname="nSNMP.Tests.nSNMP.Manager.SnmpClientTests" name="VarBind_CreationMethods_WorkCorrectly" time="0.0001483" />
    <testcase classname="nSNMP.Tests.nSNMP.Logging.SnmpLoggerTests" name="SnmpLogger_Creation_ShouldWork" time="0.0325948" />
    <testcase classname="nSNMP.Tests.nSNMP.Logging.SnmpLoggerTests" name="SnmpLogger_IsEnabled_ShouldWork" time="0.0000518" />
    <testcase classname="nSNMP.Tests.nSNMP.Logging.SnmpLoggerTests" name="SnmpClient_WithLogger_ShouldWork" time="0.0030601" />
    <testcase classname="nSNMP.Tests.nSNMP.Manager.SnmpClientTests" name="SetAsync_SingleVarBind_SendsCorrectRequest" time="0.0113440" />
    <testcase classname="nSNMP.Tests.nSNMP.Manager.SnmpClientTests" name="GetBulkAsync_V1_ThrowsNotSupportedException" time="0.0002940" />
    <testcase classname="nSNMP.Tests.nSNMP.Manager.SnmpClientTests" name="CreateCommunity_CreatesClientWithCorrectSettings" time="0.0000893" />
    <testcase classname="nSNMP.Tests.nSNMP.Manager.SnmpClientTests" name="GetAsync_MultipleOids_ReturnsAllResults" time="0.0108205" />
    <testcase classname="nSNMP.Tests.nSNMP.Manager.SnmpClientTests" name="GetNextAsync_ReturnsNextOid" time="0.0111924" />
    <testcase classname="nSNMP.Tests.nSNMP.Agent.SnmpAgentHostTests" name="ProcessSetRequest_WithValidOid_UpdatesValue" time="0.1154463" />
    <testcase classname="nSNMP.Tests.nSNMP.Agent.SnmpAgentHostV3Tests" name="ProcessV3Request_WithAuthRequest_HandlesAuthentication" time="0.1325922" />
    <testcase classname="nSNMP.Tests.nSNMP.Agent.SnmpAgentHostTests" name="ProcessGetRequest_WithInvalidOid_ReturnsNoSuchObject" time="0.1054914" />
    <testcase classname="nSNMP.Tests.nSNMP.Agent.SnmpAgentHostTests" name="Constructor_WithDefaults_CreatesAgent" time="0.0001281" />
    <testcase classname="nSNMP.Tests.nSNMP.Agent.SnmpAgentHostV3Tests" name="ProcessV3Request_WithInvalidUser_ReturnsReport" time="0.1185838" />
    <testcase classname="nSNMP.Tests.nSNMP.Agent.SnmpAgentHostTests" name="ProcessGetRequest_WithValidOid_ReturnsValue" time="0.1093903" />
    <testcase classname="nSNMP.Tests.nSNMP.Agent.SnmpAgentHostTests" name="MapScalar_WithStringOid_RegistersProvider" time="0.0000913" />
    <testcase classname="nSNMP.Tests.nSNMP.Agent.SnmpAgentHostTests" name="MapScalar_WithOidAndValue_RegistersProvider" time="0.0000584" />
    <testcase classname="nSNMP.Tests.nSNMP.Agent.SnmpAgentHostTests" name="StartAsync_StartsListening" time="0.1003286" />
    <testcase classname="nSNMP.Tests.nSNMP.Agent.SnmpAgentHostTests" name="ProcessRequest_WithInvalidCommunity_IgnoresRequest" time="0.1013243" />
    <testcase classname="nSNMP.Tests.nSNMP.Agent.SnmpAgentHostTests" name="ProcessSetRequest_WithReadOnlyOid_ReturnsError" time="0.1110435" />
    <testcase classname="nSNMP.Tests.nSNMP.Agent.SnmpEngineTests" name="IncrementBoots_IncrementsBootsAndResetsTime" time="1.1016871" />
    <testcase classname="nSNMP.Tests.nSNMP.Agent.SnmpEngineTests" name="EngineBoots_DefaultsToZero" time="0.0002206" />
    <testcase classname="nSNMP.Tests.nSNMP.Agent.SnmpEngineTests" name="Constructor_GeneratesValidEngineId" time="0.0002087" />
    <testcase classname="nSNMP.Tests.nSNMP.Agent.SnmpEngineTests" name="GetParameters_ReturnsCurrentState" time="0.0003632" />
    <testcase classname="nSNMP.Tests.nSNMP.Agent.SnmpEngineTests" name="ToString_ReturnsEngineInfo" time="0.0002584" />
    <testcase classname="nSNMP.Tests.nSNMP.Agent.SnmpEngineTests" name="IsTimeValid_WithNonMatchingBoots_ReturnsFalse" time="0.0000916" />
    <testcase classname="nSNMP.Tests.nSNMP.Agent.SnmpEngineTests" name="IsTimeValid_WithMatchingBootsAndValidTime_ReturnsTrue" time="0.0000972" />
    <testcase classname="nSNMP.Tests.nSNMP.Agent.SnmpEngineTests" name="EngineIdHex_ReturnsValidHexString" time="0.0004090" />
    <testcase classname="nSNMP.Tests.nSNMP.Agent.SnmpEngineTests" name="IsTimeValid_WithCustomWindow_RespectsWindow" time="0.0001170" />
    <testcase classname="nSNMP.Tests.nSNMP.Agent.SnmpAgentHostV3Tests" name="Engine_TimeProgresses" time="1.1110087" />
    <testcase classname="nSNMP.Tests.nSNMP.Agent.SnmpAgentHostV3Tests" name="GetEngineInfo_ReturnsValidInfo" time="0.0075513" />
    <testcase classname="nSNMP.Tests.nSNMP.Agent.SnmpAgentHostV3Tests" name="AddUser_WithValidCredentials_AddsUser" time="0.0105407" />
    <testcase classname="nSNMP.Tests.nSNMP.Agent.SnmpAgentHostV3Tests" name="Constructor_WithDefaults_CreatesV3Agent" time="0.0071063" />
    <testcase classname="nSNMP.Tests.nSNMP.Agent.SnmpAgentHostV3Tests" name="ProcessV3DiscoveryRequest_ReturnsEngineParameters" time="0.1181665" />
    <testcase classname="nSNMP.Tests.nSNMP.Agent.SnmpAgentHostV3Tests" name="UserDatabase_SupportsUserManagement" time="0.0148907" />
    <testcase classname="nSNMP.Tests.nSNMP.Agent.SnmpAgentHostV3Tests" name="Engine_HasValidEngineId" time="0.0094935" />
    <testcase classname="nSNMP.Tests.nSNMP.Agent.SnmpAgentHostV3Tests" name="AddUser_WithFactoryMethod_AddsUser" time="0.0102550" />
    <testcase classname="nSNMP.Tests.nSNMP.Agent.SnmpEngineTests" name="EngineTime_ProgressesOverTime" time="1.1010960" />
    <system-out>
Test Framework Informational Messages:
[xUnit.net 00:00:00.00] xUnit.net VSTest Adapter v2.5.7+8f2703126a (64-bit .NET 9.0.9)
[xUnit.net 00:00:00.03]   Discovering: nSNMP.Tests
[xUnit.net 00:00:00.06]   Discovered:  nSNMP.Tests
[xUnit.net 00:00:00.06]   Starting:    nSNMP.Tests
[xUnit.net 00:00:02.30]   Finished:    nSNMP.Tests
</system-out>
    <system-err></system-err>
  </testsuite>
</testsuites>