<testsuites>
  <testsuite name="nSNMP.Tests.dll" tests="273" skipped="0" failures="0" errors="0" time="5.330975799999998" timestamp="2025-09-27T20:07:35" hostname="tigger" id="0" package="nSNMP.Tests.dll">
    <properties />
    <testcase classname="nSNMP.Tests.nSNMP.SMI.X690.BERParserValidationTests" name="ParseType_ThrowsOnEmptyMemory" time="0.0063044" />
    <testcase classname="nSNMP.Tests.nSNMP.Security.UsmSecurityParametersTests" name="EngineIdHex_FormatsCorrectly" time="0.0055893" />
    <testcase classname="nSNMP.Tests.nSNMP.SMI.DataTypes.V1.Primitive.IntegerTests" name="CanCreateIntegerFromLargeInt" time="0.0062937" />
    <testcase classname="nSNMP.Tests.nSNMP.Logging.SnmpLoggerTests" name="NullSnmpLogger_ShouldNotThrow" time="0.0064810" />
    <testcase classname="nSNMP.Tests.nSNMP.SMI.DataTypes.V1.Primitive.IntegerTests" name="CanParseNegativeEight" time="0.0000509" />
    <testcase classname="nSNMP.Tests.nSNMP.SMI.DataTypes.V1.Primitive.IntegerTests" name="CanCreateIntegerFromInt" time="0.0000236" />
    <testcase classname="nSNMP.Tests.nSNMP.SMI.DataTypes.V1.Primitive.IntegerTests" name="CanCreateIntegerFromNegativeInt" time="0.0000227" />
    <testcase classname="nSNMP.Tests.nSNMP.SMI.DataTypes.V1.Primitive.IntegerTests" name="CanParseNegativeTwo" time="0.0000288" />
    <testcase classname="nSNMP.Tests.nSNMP.SMI.DataTypes.V1.Primitive.IntegerTests" name="CanParse1024" time="0.0000295" />
    <testcase classname="nSNMP.Tests.nSNMP.SMI.DataTypes.V1.Primitive.IntegerTests" name="CanParseSixteen" time="0.0000291" />
    <testcase classname="nSNMP.Tests.nSNMP.SMI.DataTypes.V1.Primitive.IntegerTests" name="CanParseZero" time="0.0000231" />
    <testcase classname="nSNMP.Tests.nSNMP.Security.UsmSecurityParametersTests" name="Parse_NullData_ReturnsEmptyParameters" time="0.0021072" />
    <testcase classname="nSNMP.Tests.nSNMP.Security.UsmSecurityParametersTests" name="Create_WithValues_CreatesCorrectParameters" time="0.0003347" />
    <testcase classname="nSNMP.Tests.nSNMP.Security.UsmSecurityParametersTests" name="HasAuthParams_DetectsCorrectly" time="0.0000636" />
    <testcase classname="nSNMP.Tests.nSNMP.Security.UsmSecurityParametersTests" name="CreateDiscovery_CreatesDiscoveryParameters" time="0.0014886" />
    <testcase classname="nSNMP.Tests.nSNMP.Security.UsmSecurityParametersTests" name="Create_WithDefaults_CreatesEmptyParameters" time="0.0002157" />
    <testcase classname="nSNMP.Tests.nSNMP.Security.UsmSecurityParametersTests" name="HasPrivParams_DetectsCorrectly" time="0.0000584" />
    <testcase classname="nSNMP.Tests.nSNMP.Security.UsmSecurityParametersTests" name="Parse_EmptyData_ReturnsEmptyParameters" time="0.0000306" />
    <testcase classname="nSNMP.Tests.nSNMP.Security.UsmSecurityParametersTests" name="IsDiscovery_DetectsDiscoveryCorrectly" time="0.0000256" />
    <testcase classname="nSNMP.Tests.nSNMP.SMI.X690.BERParserValidationTests" name="ParseLengthOfNextDataField_ThrowsOnEmptyMemory" time="0.0056120" />
    <testcase classname="nSNMP.Tests.nSNMP.SMI.X690.BERParserValidationTests" name="ParseLengthOfNextDataField_HandlesShortForm" time="0.0006179" />
    <testcase classname="nSNMP.Tests.nSNMP.SMI.X690.BERParserValidationTests" name="ParseDataField_ThrowsOnNegativeLength" time="0.0008281" />
    <testcase classname="nSNMP.Tests.nSNMP.SMI.X690.BERParserValidationTests" name="ParseLengthOfNextDataField_HandlesLongForm" time="0.0001235" />
    <testcase classname="nSNMP.Tests.nSNMP.SMI.X690.BERParserValidationTests" name="ParseDataField_ReadsExactLength" time="0.0001518" />
    <testcase classname="nSNMP.Tests.nSNMP.SMI.X690.BERParserValidationTests" name="ParseDataField_ThrowsOnShortRead" time="0.0002444" />
    <testcase classname="nSNMP.Tests.nSNMP.SMI.X690.BERParserValidationTests" name="ParseDataField_ReturnsEmptyArrayForZeroLength" time="0.0000763" />
    <testcase classname="nSNMP.Tests.nSNMP.SMI.X690.BERParserValidationTests" name="ParseLengthOfNextDataField_ThrowsOnIncompleteMultiByteLength" time="0.0005215" />
    <testcase classname="nSNMP.Tests.nSNMP.Message.MessageFactoryTests" name="CanCreateMessage" time="0.0044102" />
    <testcase classname="nSNMP.Tests.nSNMP.Security.UsmSecurityParametersTests" name="ToBytes_RoundTrip_WorksCorrectly" time="0.0059886" />
    <testcase classname="nSNMP.Tests.nSNMP.MIB.MibParserTests" name="ParseMibFile_ParsesTableWithIndex" time="0.0211257" />
    <testcase classname="nSNMP.Tests.nSNMP.SMI.PDUs.NewPDUTests" name="TrapV1_DefaultValues_Work" time="0.0219286" />
    <testcase classname="nSNMP.Tests.nSNMP.SMI.PDUs.NewPDUTests" name="TrapV2_RoundTrip_Works" time="0.0008677" />
    <testcase classname="nSNMP.Tests.nSNMP.SMI.PDUs.SetRequestTests" name="CanCreateSetRequest" time="0.0000635" />
    <testcase classname="nSNMP.Tests.nSNMP.SMI.PDUs.SetRequestTests" name="CanParseSetRequestPDU" time="0.0002491" />
    <testcase classname="nSNMP.Tests.nSNMP.SMI.PDUs.NewPDUTests" name="GetBulkRequest_ConvenienceProperties_Work" time="0.0003258" />
    <testcase classname="nSNMP.Tests.nSNMP.SMI.PDUs.SetRequestTests" name="SetRequestCreate_ReturnsCorrectInstance" time="0.0000510" />
    <testcase classname="nSNMP.Tests.nSNMP.SMI.DataTypes.V1.Primitive.OctetStringTests" name="CanReadPublicString" time="0.0000591" />
    <testcase classname="nSNMP.Tests.nSNMP.SMI.DataTypes.V1.Primitive.OctetStringTests" name="CanCreateOctetStringFromString" time="0.0000258" />
    <testcase classname="nSNMP.Tests.nSNMP.SMI.PDUs.NewPDUTests" name="TrapV1_RoundTrip_Works" time="0.0005687" />
    <testcase classname="nSNMP.Tests.nSNMP.SMI.PDUs.NewPDUTests" name="InformRequest_RoundTrip_Works" time="0.0003334" />
    <testcase classname="nSNMP.Tests.nSNMP.SMI.PDUs.NewPDUTests" name="GetNextRequest_RoundTrip_Works" time="0.0003690" />
    <testcase classname="nSNMP.Tests.nSNMP.Security.CryptographicHelpersTests" name="ConstantTimeHashEquals_ShouldWorkCorrectly" time="0.0017645" />
    <testcase classname="nSNMP.Tests.nSNMP.Security.CryptographicHelpersTests" name="SecureStringToBytes_ShouldConvertAndWrapSecurely" time="0.0013357" />
    <testcase classname="nSNMP.Tests.nSNMP.MIB.MibParserTests" name="ParseMibFile_ParsesMultipleObjects" time="0.0114149" />
    <testcase classname="nSNMP.Tests.nSNMP.SMI.PDUs.NewPDUTests" name="AllNewPDUs_HaveCorrectTags" time="0.0079307" />
    <testcase classname="nSNMP.Tests.nSNMP.SMI.PDUs.NewPDUTests" name="GetBulkRequest_RoundTrip_Works" time="0.0001611" />
    <testcase classname="nSNMP.Tests.nSNMP.SMI.PDUs.NewPDUTests" name="Report_RoundTrip_Works" time="0.0001464" />
    <testcase classname="nSNMP.Tests.nSNMP.Security.CryptographicHelpersTests" name="SecureByteArray_AccessAfterDispose_ShouldThrow" time="0.0076214" />
    <testcase classname="nSNMP.Tests.nSNMP.SMI.BERSerializationTests" name="SnmpMessage_RoundTrip_Works" time="0.0100644" />
    <testcase classname="nSNMP.Tests.nSNMP.Security.CryptographicHelpersTests" name="SecureByteArray_DisposeShouldClearData" time="0.0008400" />
    <testcase classname="nSNMP.Tests.nSNMP.SMI.BERSerializationTests" name="GetRequest_RoundTrip_Works" time="0.0003734" />
    <testcase classname="nSNMP.Tests.nSNMP.Security.CryptographicHelpersTests" name="SecureClear_ShouldZeroByteArray" time="0.0001549" />
    <testcase classname="nSNMP.Tests.nSNMP.SMI.BERSerializationTests" name="Sequence_WithElements_RoundTrip_Works" time="0.0001463" />
    <testcase classname="nSNMP.Tests.nSNMP.MIB.MibParserTests" name="ValidateModule_DetectsMissingFields" time="0.0028918" />
    <testcase classname="nSNMP.Tests.nSNMP.SMI.BERSerializationTests" name="Null_RoundTrip_Works" time="0.0000433" />
    <testcase classname="nSNMP.Tests.nSNMP.Security.CryptographicHelpersTests" name="SecureClear_WithSpan_ShouldZeroData" time="0.0000722" />
    <testcase classname="nSNMP.Tests.nSNMP.SMI.BERSerializationTests" name="ObjectIdentifier_RoundTrip_Works" time="0.0000462" />
    <testcase classname="nSNMP.Tests.nSNMP.SMI.BERSerializationTests" name="OctetString_EmptyString_RoundTrip_Works" time="0.0000290" />
    <testcase classname="nSNMP.Tests.nSNMP.Security.CryptographicHelpersTests" name="ConstantTimeEquals_ShouldWorkCorrectly" time="0.0001514" />
    <testcase classname="nSNMP.Tests.nSNMP.SMI.BERSerializationTests" name="SetRequest_RoundTrip_Works" time="0.0001027" />
    <testcase classname="nSNMP.Tests.nSNMP.SMI.BERSerializationTests" name="Integer_RoundTrip_Works" time="0.0000310" />
    <testcase classname="nSNMP.Tests.nSNMP.SMI.BERSerializationTests" name="GetResponse_RoundTrip_Works" time="0.0001426" />
    <testcase classname="nSNMP.Tests.nSNMP.Security.CryptographicHelpersTests" name="SecureCopy_ShouldCopyAndClearOriginal" time="0.0004220" />
    <testcase classname="nSNMP.Tests.nSNMP.SMI.DataTypes.V1.Primitive.OctetStringTests" name="CantReadNonAsciiCharacters" time="0.0127064" />
    <testcase classname="nSNMP.Tests.nSNMP.SMI.BERSerializationTests" name="Integer_NegativeValue_RoundTrip_Works" time="0.0007522" />
    <testcase classname="nSNMP.Tests.nSNMP.SMI.BERSerializationTests" name="Sequence_Empty_RoundTrip_Works" time="0.0000584" />
    <testcase classname="nSNMP.Tests.nSNMP.SMI.BERSerializationTests" name="OctetString_RoundTrip_Works" time="0.0000415" />
    <testcase classname="nSNMP.Tests.nSNMP.SMI.X690.BERParserTests" name="CanParseLongFormLength" time="0.0006630" />
    <testcase classname="nSNMP.Tests.nSNMP.SMI.X690.BERParserTests" name="CanParseShortFormLength" time="0.0002184" />
    <testcase classname="nSNMP.Tests.nSNMP.MIB.MibParserTests" name="ParseMibFile_ParsesBasicObjectType" time="0.0019616" />
    <testcase classname="nSNMP.Tests.nSNMP.Logging.SnmpLoggerTests" name="SnmpLogger_LoggingMethods_ShouldWork" time="0.0234161" />
    <testcase classname="nSNMP.Tests.nSNMP.MIB.MibManagerTests" name="GetStats_ReturnsValidStatistics" time="0.0051220" />
    <testcase classname="nSNMP.Tests.nSNMP.Security.V3CredentialsTests" name="Validate_ThrowsForPrivWithoutPassword" time="0.0018006" />
    <testcase classname="nSNMP.Tests.nSNMP.MIB.MibManagerTests" name="NameToOid_ResolvesStandardObjects" time="0.0001881" />
    <testcase classname="nSNMP.Tests.nSNMP.Security.V3CredentialsTests" name="Validate_ThrowsForEmptyUsername" time="0.0002051" />
    <testcase classname="nSNMP.Tests.nSNMP.Security.V3CredentialsTests" name="GetAuthKey_ReturnsEmptyForNoAuth" time="0.0000885" />
    <testcase classname="nSNMP.Tests.nSNMP.Agent.V3UserDatabaseTests" name="Clear_RemovesAllUsers" time="0.0019402" />
    <testcase classname="nSNMP.Tests.nSNMP.Security.V3CredentialsTests" name="Validate_PassesForValidCredentials" time="0.0001375" />
    <testcase classname="nSNMP.Tests.nSNMP.MIB.MibManagerTests" name="SearchObjects_FindsMatchingObjects" time="0.0004039" />
    <testcase classname="nSNMP.Tests.nSNMP.Security.V3CredentialsTests" name="Validate_ThrowsForAuthWithoutPassword" time="0.0004354" />
    <testcase classname="nSNMP.Tests.nSNMP.MIB.MibParserTests" name="ValidateModule_PassesValidObjects" time="0.0021240" />
    <testcase classname="nSNMP.Tests.nSNMP.SMI.X690.BERParserTests" name="CanParseBerTypeSequence" time="0.0026246" />
    <testcase classname="nSNMP.Tests.nSNMP.SMI.X690.BERParserTests" name="CanParseBerTypeOctetString" time="0.0000542" />
    <testcase classname="nSNMP.Tests.nSNMP.SMI.X690.BERParserTests" name="CanParseBerTypeInteger" time="0.0000387" />
    <testcase classname="nSNMP.Tests.nSNMP.SMI.DataTypes.V1.Primitive.NewDataTypesTests" name="IpAddress_FromString_Works" time="0.0000612" />
    <testcase classname="nSNMP.Tests.nSNMP.SMI.DataTypes.V1.Primitive.NewDataTypesTests" name="Gauge32_RoundTrip_Works" time="0.0005547" />
    <testcase classname="nSNMP.Tests.nSNMP.SMI.DataTypes.V1.Primitive.NewDataTypesTests" name="IpAddress_FromBytes_Works" time="0.0000660" />
    <testcase classname="nSNMP.Tests.nSNMP.SMI.DataTypes.V1.Primitive.NewDataTypesTests" name="Counter32_Zero_RoundTrip_Works" time="0.0002051" />
    <testcase classname="nSNMP.Tests.nSNMP.MIB.MibManagerTests" name="MibObject_TreeStructure_WorksCorrectly" time="0.0034758" />
    <testcase classname="nSNMP.Tests.nSNMP.MIB.MibManagerTests" name="MibManager_InitializesWithStandardObjects" time="0.0004110" />
    <testcase classname="nSNMP.Tests.nSNMP.SMI.DataTypes.V1.Primitive.NewDataTypesTests" name="Counter64_RoundTrip_Works" time="0.0022103" />
    <testcase classname="nSNMP.Tests.nSNMP.SMI.DataTypes.V1.Primitive.NewDataTypesTests" name="Opaque_ToString_ShowsHex" time="0.0000909" />
    <testcase classname="nSNMP.Tests.nSNMP.SMI.DataTypes.V1.Primitive.NewDataTypesTests" name="Opaque_RoundTrip_Works" time="0.0000910" />
    <testcase classname="nSNMP.Tests.nSNMP.SMI.DataTypes.V1.Primitive.NewDataTypesTests" name="Counter32_RoundTrip_Works" time="0.0000420" />
    <testcase classname="nSNMP.Tests.nSNMP.Security.V3CredentialsTests" name="GetAuthKey_ReturnsKeyForAuth" time="0.0043164" />
    <testcase classname="nSNMP.Tests.nSNMP.Agent.V3UserDatabaseTests" name="AddUser_WithValidCredentials_AddsUser" time="0.0047921" />
    <testcase classname="nSNMP.Tests.nSNMP.Security.V3CredentialsTests" name="Validate_ThrowsForPrivWithoutAuth" time="0.0042273" />
    <testcase classname="nSNMP.Tests.nSNMP.SMI.DataTypes.V1.Primitive.NewDataTypesTests" name="TimeTicks_ToString_Formats_Correctly" time="0.0045628" />
    <testcase classname="nSNMP.Tests.nSNMP.SMI.DataTypes.V1.Primitive.NewDataTypesTests" name="ImplicitConversions_Work" time="0.0013806" />
    <testcase classname="nSNMP.Tests.nSNMP.MIB.MibManagerTests" name="GetNextOid_ReturnsCorrectNextOid" time="0.0069380" />
    <testcase classname="nSNMP.Tests.nSNMP.SMI.DataTypes.V1.Primitive.NewDataTypesTests" name="IpAddress_RoundTrip_Works" time="0.0001023" />
    <testcase classname="nSNMP.Tests.nSNMP.SMI.DataTypes.V1.Primitive.NewDataTypesTests" name="TimeTicks_RoundTrip_Works" time="0.0000797" />
    <testcase classname="nSNMP.Tests.nSNMP.SMI.DataTypes.V1.Primitive.NewDataTypesTests" name="Counter32_MaxValue_Works" time="0.0000498" />
    <testcase classname="nSNMP.Tests.nSNMP.SMI.DataTypes.V1.Primitive.NewDataTypesTests" name="TimeTicks_FromTimeSpan_Works" time="0.0004165" />
    <testcase classname="nSNMP.Tests.nSNMP.SMI.DataTypes.V1.Primitive.NewDataTypesTests" name="Opaque_Empty_RoundTrip_Works" time="0.0001450" />
    <testcase classname="nSNMP.Tests.nSNMP.SMI.DataTypes.V1.Constructed.SequenceTests" name="CanSplitSequenceData" time="0.0001651" />
    <testcase classname="nSNMP.Tests.nSNMP.SMI.DataTypes.V1.Constructed.SequenceTests" name="CanSplitMessageData" time="0.0000349" />
    <testcase classname="nSNMP.Tests.nSNMP.SMI.DataTypes.V1.Primitive.ObjectIdentifierTests" name="CanDecodeObjectIdentifierWithLargeSegment" time="0.0000397" />
    <testcase classname="nSNMP.Tests.nSNMP.SMI.DataTypes.V1.Primitive.ObjectIdentifierTests" name="CanDecodeObjectIdentifierWithMaxValueSegment" time="0.0000218" />
    <testcase classname="nSNMP.Tests.nSNMP.SMI.DataTypes.V1.Primitive.ObjectIdentifierTests" name="CanDecodeObjectIdentifier" time="0.0000200" />
    <testcase classname="nSNMP.Tests.nSNMP.Message.SnmpMessageNullHandlingTests" name="CanCreateMessageWithCommunityString" time="0.0000797" />
    <testcase classname="nSNMP.Tests.nSNMP.Message.SnmpMessageNullHandlingTests" name="CanCreateMessageWithNullVersion" time="0.0000894" />
    <testcase classname="nSNMP.Tests.nSNMP.Message.SnmpMessageNullHandlingTests" name="CanCreateMessageWithPDU" time="0.0001618" />
    <testcase classname="nSNMP.Tests.nSNMP.Agent.V3UserDatabaseTests" name="AddUser_LocalizesKeysCorrectly" time="0.0084800" />
    <testcase classname="nSNMP.Tests.nSNMP.Message.SnmpMessageNullHandlingTests" name="CanCreateMessageWithNullCommunityString" time="0.0004151" />
    <testcase classname="nSNMP.Tests.nSNMP.Security.V3CredentialsTests" name="GetPrivKey_ReturnsKeyForPriv" time="0.0070867" />
    <testcase classname="nSNMP.Tests.nSNMP.Security.V3CredentialsTests" name="GetPrivKey_ReturnsEmptyForNoPriv" time="0.0000648" />
    <testcase classname="nSNMP.Tests.nSNMP.MIB.MibManagerTests" name="GetSubtree_ReturnsCorrectObjects" time="0.0062014" />
    <testcase classname="nSNMP.Tests.nSNMP.MIB.MibManagerTests" name="MibObject_PropertiesSetCorrectly" time="0.0003013" />
    <testcase classname="nSNMP.Tests.nSNMP.MIB.MibManagerTests" name="OidToName_ResolvesStandardObjects" time="0.0004405" />
    <testcase classname="nSNMP.Tests.nSNMP.Message.SnmpMessageNullHandlingTests" name="NewMessage_HasNullProperties" time="0.0051183" />
    <testcase classname="nSNMP.Tests.nSNMP.Message.SnmpMessageNullHandlingTests" name="CanCreateMessageWithNullPDU" time="0.0001321" />
    <testcase classname="nSNMP.Tests.nSNMP.Message.SnmpMessageNullHandlingTests" name="CanCreateMessageWithVersion" time="0.0001675" />
    <testcase classname="nSNMP.Tests.nSNMP.Message.SnmpMessageTests" name="CanParseRequestMessage" time="0.0010741" />
    <testcase classname="nSNMP.Tests.nSNMP.Message.SnmpMessageNullHandlingTests" name="RecordWithExpression_CreatesNewInstance" time="0.0003245" />
    <testcase classname="nSNMP.Tests.nSNMP.Message.SnmpMessageTests" name="CanParseSnmpMessage" time="0.0000548" />
    <testcase classname="nSNMP.Tests.nSNMP.Message.SnmpMessageTests" name="CanParseLargeSnmpMessage" time="0.0120080" />
    <testcase classname="nSNMP.Tests.nSNMP.SMI.DataTypes.V1.Primitive.ObjectIdentifierValidationTests" name="Create_ThrowsOnEmptyArray" time="0.0003456" />
    <testcase classname="nSNMP.Tests.nSNMP.SMI.DataTypes.V1.Primitive.ObjectIdentifierValidationTests" name="CreateFromString_ThrowsOnNull" time="0.0001786" />
    <testcase classname="nSNMP.Tests.nSNMP.SMI.DataTypes.V1.Primitive.ObjectIdentifierValidationTests" name="Create_SucceedsWithMultipleElements" time="0.0001011" />
    <testcase classname="nSNMP.Tests.nSNMP.SMI.DataTypes.V1.Primitive.ObjectIdentifierValidationTests" name="CreateFromString_ParsesDottedNotation" time="0.0000893" />
    <testcase classname="nSNMP.Tests.nSNMP.SMI.DataTypes.V1.Primitive.ObjectIdentifierValidationTests" name="CreateFromString_HandlesLeadingDot" time="0.0000860" />
    <testcase classname="nSNMP.Tests.nSNMP.SMI.DataTypes.V1.Primitive.ObjectIdentifierValidationTests" name="ToString_ReturnsCorrectDottedNotation" time="0.0000636" />
    <testcase classname="nSNMP.Tests.nSNMP.SMI.DataTypes.V1.Primitive.ObjectIdentifierValidationTests" name="Create_SucceedsWithTwoElements" time="0.0001299" />
    <testcase classname="nSNMP.Tests.nSNMP.SMI.DataTypes.V1.Primitive.ObjectIdentifierValidationTests" name="Create_ThrowsOnNullArray" time="0.0001708" />
    <testcase classname="nSNMP.Tests.nSNMP.SMI.DataTypes.V1.Primitive.ObjectIdentifierValidationTests" name="Create_ThrowsOnSingleElementArray" time="0.0001826" />
    <testcase classname="nSNMP.Tests.nSNMP.Telemetry.SnmpTelemetryTests" name="RecordTransportOperation_ShouldNotThrow" time="0.0002887" />
    <testcase classname="nSNMP.Tests.nSNMP.Message.SnmpMessageV3Tests" name="AuthFlag_ReadsCorrectly" time="0.0015394" />
    <testcase classname="nSNMP.Tests.nSNMP.Telemetry.SnmpTelemetryTests" name="StartActivity_WithUserName_ShouldIncludeUserTag" time="0.0002308" />
    <testcase classname="nSNMP.Tests.nSNMP.Telemetry.SnmpTelemetryTests" name="RecordSecurityOperation_ShouldNotThrow" time="0.0002109" />
    <testcase classname="nSNMP.Tests.nSNMP.Security.V3CredentialsTests" name="AuthNoPriv_CreatesCorrectSecurityLevel" time="0.0193734" />
    <testcase classname="nSNMP.Tests.nSNMP.Telemetry.SnmpTelemetryTests" name="ActivitySource_Name_ShouldBeCorrect" time="0.0001206" />
    <testcase classname="nSNMP.Tests.nSNMP.Security.V3CredentialsTests" name="NoAuthNoPriv_CreatesCorrectSecurityLevel" time="0.0000715" />
    <testcase classname="nSNMP.Tests.nSNMP.Telemetry.SnmpTelemetryTests" name="Meter_Name_ShouldBeCorrect" time="0.0000780" />
    <testcase classname="nSNMP.Tests.nSNMP.Security.V3CredentialsTests" name="Validate_ThrowsForShortPasswords" time="0.0001446" />
    <testcase classname="nSNMP.Tests.nSNMP.Security.V3CredentialsTests" name="AuthPriv_CreatesCorrectSecurityLevel" time="0.0000574" />
    <testcase classname="nSNMP.Tests.nSNMP.Telemetry.SnmpTelemetryTests" name="RecordError_ShouldNotThrow" time="0.0001956" />
    <testcase classname="nSNMP.Tests.nSNMP.Message.SnmpMessageV3Tests" name="Create_WithScopedPdu_IncludesPdu" time="0.0012049" />
    <testcase classname="nSNMP.Tests.nSNMP.Agent.V3UserDatabaseTests" name="GetUserNames_ReturnsAllUsernames" time="0.0232180" />
    <testcase classname="nSNMP.Tests.nSNMP.Telemetry.SnmpTelemetryTests" name="StartActivity_ShouldCreateActivityWithCorrectTags" time="0.0003838" />
    <testcase classname="nSNMP.Tests.nSNMP.Agent.V3UserDatabaseTests" name="GetUser_WithNonExistentUser_ReturnsNull" time="0.0000649" />
    <testcase classname="nSNMP.Tests.nSNMP.Telemetry.SnmpTelemetryTests" name="TelemetryExtensions_StartTimer_ShouldWork" time="0.0003408" />
    <testcase classname="nSNMP.Tests.nSNMP.Telemetry.SnmpTelemetryTests" name="SetActivityError_ShouldSetCorrectTags" time="0.0002068" />
    <testcase classname="nSNMP.Tests.nSNMP.Telemetry.SnmpTelemetryTests" name="SnmpTelemetry_Initialization_ShouldWork" time="0.0000220" />
    <testcase classname="nSNMP.Tests.nSNMP.Telemetry.SnmpTelemetryTests" name="ActivityTags_ShouldSupportNullValues" time="0.0001407" />
    <testcase classname="nSNMP.Tests.nSNMP.Security.KeyLocalizationTests" name="VerifyDigest_ValidatesCorrectly" time="0.0011597" />
    <testcase classname="nSNMP.Tests.nSNMP.Telemetry.SnmpTelemetryTests" name="SetActivitySuccess_ShouldSetCorrectTags" time="0.0002395" />
    <testcase classname="nSNMP.Tests.nSNMP.Telemetry.SnmpTelemetryTests" name="RecordRequest_ShouldNotThrow" time="0.0001227" />
    <testcase classname="nSNMP.Tests.nSNMP.Telemetry.SnmpTelemetryTests" name="SnmpTelemetry_Metrics_ShouldBeCreated" time="0.0000908" />
    <testcase classname="nSNMP.Tests.nSNMP.Agent.SnmpEngineTests" name="Constructor_WithCustomEngineId_UsesProvidedId" time="0.0001731" />
    <testcase classname="nSNMP.Tests.nSNMP.Agent.SnmpEngineTests" name="IsTimeValid_WithTimeOutsideWindow_ReturnsFalse" time="0.0000613" />
    <testcase classname="nSNMP.Tests.nSNMP.Agent.V3UserDatabaseTests" name="RemoveUser_WithExistingUser_RemovesUser" time="0.0036270" />
    <testcase classname="nSNMP.Tests.nSNMP.Message.SnmpMessageV3Tests" name="Flags_ParseCorrectly(flagsByte: 0, expectedAuth: False, expectedPriv: False, expectedReportable: False)" time="0.0039791" />
    <testcase classname="nSNMP.Tests.nSNMP.Message.SnmpMessageV3Tests" name="Flags_ParseCorrectly(flagsByte: 4, expectedAuth: False, expectedPriv: False, expectedReportable: True)" time="0.0001432" />
    <testcase classname="nSNMP.Tests.nSNMP.Message.SnmpMessageV3Tests" name="Flags_ParseCorrectly(flagsByte: 2, expectedAuth: False, expectedPriv: True, expectedReportable: False)" time="0.0000029" />
    <testcase classname="nSNMP.Tests.nSNMP.Message.SnmpMessageV3Tests" name="Flags_ParseCorrectly(flagsByte: 3, expectedAuth: True, expectedPriv: True, expectedReportable: False)" time="0.0000024" />
    <testcase classname="nSNMP.Tests.nSNMP.Message.SnmpMessageV3Tests" name="Flags_ParseCorrectly(flagsByte: 1, expectedAuth: True, expectedPriv: False, expectedReportable: False)" time="0.0000017" />
    <testcase classname="nSNMP.Tests.nSNMP.Message.SnmpMessageV3Tests" name="Flags_ParseCorrectly(flagsByte: 7, expectedAuth: True, expectedPriv: True, expectedReportable: True)" time="0.0000016" />
    <testcase classname="nSNMP.Tests.nSNMP.Message.SnmpMessageV3Tests" name="Flags_ParseCorrectly(flagsByte: 5, expectedAuth: True, expectedPriv: False, expectedReportable: True)" time="0.0000017" />
    <testcase classname="nSNMP.Tests.nSNMP.Message.SnmpMessageV3Tests" name="Parse_InvalidVersion_ThrowsException" time="0.0003817" />
    <testcase classname="nSNMP.Tests.nSNMP.Agent.V3UserDatabaseTests" name="Constructor_WithNullEngine_ThrowsException" time="0.0008178" />
    <testcase classname="nSNMP.Tests.nSNMP.Security.KeyLocalizationTests" name="LocalizeKey_SameInputs_ProduceSameKey" time="0.0043562" />
    <testcase classname="nSNMP.Tests.nSNMP.Message.SnmpMessageV3Tests" name="ToBytes_RoundTrip_WorksCorrectly" time="0.0007352" />
    <testcase classname="nSNMP.Tests.nSNMP.Security.KeyLocalizationTests" name="LocalizeKey_SupportedProtocols_WorkWithoutException(protocol: SHA512)" time="0.0034844" />
    <testcase classname="nSNMP.Tests.nSNMP.Message.SnmpMessageV3Tests" name="PrivFlag_ReadsCorrectly" time="0.0001060" />
    <testcase classname="nSNMP.Tests.nSNMP.Message.SnmpMessageV3Tests" name="Create_WithFlags_SetsCorrectFlags" time="0.0000682" />
    <testcase classname="nSNMP.Tests.nSNMP.Agent.V3UserDatabaseTests" name="V3User_AuthenticationMethods_Work" time="0.0044554" />
    <testcase classname="nSNMP.Tests.nSNMP.Agent.V3UserDatabaseTests" name="HasUser_WithNonExistentUser_ReturnsFalse" time="0.0000225" />
    <testcase classname="nSNMP.Tests.nSNMP.Message.SnmpMessageV3Tests" name="Create_WithDefaults_CreatesCorrectMessage" time="0.0002323" />
    <testcase classname="nSNMP.Tests.nSNMP.Message.SnmpMessageV3Tests" name="Create_WithSecurityParameters_IncludesParameters" time="0.0001018" />
    <testcase classname="nSNMP.Tests.nSNMP.Message.SnmpMessageV3Tests" name="ReportableFlag_ReadsCorrectly" time="0.0031484" />
    <testcase classname="nSNMP.Tests.nSNMP.Security.KeyLocalizationTests" name="LocalizeKey_SupportedProtocols_WorkWithoutException(protocol: SHA1)" time="0.0100023" />
    <testcase classname="nSNMP.Tests.nSNMP.Security.KeyLocalizationTests" name="LocalizeKey_SupportedProtocols_WorkWithoutException(protocol: MD5)" time="0.0045882" />
    <testcase classname="nSNMP.Tests.nSNMP.Agent.V3UserDatabaseTests" name="V3User_SecurityLevels_CalculatedCorrectly" time="0.0224188" />
    <testcase classname="nSNMP.Tests.nSNMP.Agent.V3UserDatabaseTests" name="HasUser_WithExistingUser_ReturnsTrue" time="0.0001018" />
    <testcase classname="nSNMP.Tests.nSNMP.Agent.V3UserDatabaseTests" name="RemoveUser_WithNonExistentUser_ReturnsFalse" time="0.0002355" />
    <testcase classname="nSNMP.Tests.nSNMP.Agent.V3UserDatabaseTests" name="AddUser_WithInvalidCredentials_ThrowsException" time="0.0005682" />
    <testcase classname="nSNMP.Tests.nSNMP.Security.KeyLocalizationTests" name="LocalizeKey_SupportedProtocols_WorkWithoutException(protocol: SHA384)" time="0.0109754" />
    <testcase classname="nSNMP.Tests.nSNMP.Security.KeyLocalizationTests" name="LocalizeKey_SupportedProtocols_WorkWithoutException(protocol: SHA256)" time="0.0025253" />
    <testcase classname="nSNMP.Tests.nSNMP.Security.KeyLocalizationTests" name="GetDigestLength_ReturnsCorrectLengths" time="0.0001748" />
    <testcase classname="nSNMP.Tests.nSNMP.Security.KeyLocalizationTests" name="CalculateDigest_ProducesCorrectLength" time="0.0000567" />
    <testcase classname="nSNMP.Tests.nSNMP.Security.KeyLocalizationTests" name="CalculateDigest_ReturnsEmptyForNoAuth" time="0.0000577" />
    <testcase classname="nSNMP.Tests.nSNMP.Manager.SnmpClientTests" name="GetAsync_SingleOid_ReturnsCorrectResult" time="0.0839051" />
    <testcase classname="nSNMP.Tests.nSNMP.Agent.V3UserDatabaseTests" name="GetUser_WithExistingUser_ReturnsUser" time="0.0161835" />
    <testcase classname="nSNMP.Tests.nSNMP.Security.KeyLocalizationTests" name="LocalizeKey_MD5_ProducesCorrectLength" time="0.0119729" />
    <testcase classname="nSNMP.Tests.nSNMP.Security.KeyLocalizationTests" name="VerifyDigest_RejectsIncorrectDigest" time="0.0001594" />
    <testcase classname="nSNMP.Tests.nSNMP.Security.KeyLocalizationTests" name="LocalizeKey_ReturnsEmptyForNoAuth" time="0.0070239" />
    <testcase classname="nSNMP.Tests.nSNMP.Agent.V3UserDatabaseTests" name="V3User_ToString_ReturnsUserInfo" time="0.0129167" />
    <testcase classname="nSNMP.Tests.nSNMP.Agent.SimpleScalarProviderTests" name="GetNextOid_WithLargerOid_ReturnsNull" time="0.0001787" />
    <testcase classname="nSNMP.Tests.nSNMP.Agent.SimpleScalarProviderTests" name="SetValue_WithWritableProvider_ReturnsTrue" time="0.0001414" />
    <testcase classname="nSNMP.Tests.nSNMP.Agent.SimpleScalarProviderTests" name="CanHandle_WithMatchingOid_ReturnsTrue" time="0.0000290" />
    <testcase classname="nSNMP.Tests.nSNMP.Agent.SimpleScalarProviderTests" name="CanHandle_WithNonMatchingOid_ReturnsFalse" time="0.0000441" />
    <testcase classname="nSNMP.Tests.nSNMP.Agent.SimpleScalarProviderTests" name="GetValue_WithMatchingOid_ReturnsValue" time="0.0000357" />
    <testcase classname="nSNMP.Tests.nSNMP.Agent.SimpleScalarProviderTests" name="SetValue_WithNonMatchingOid_ReturnsFalse" time="0.0000321" />
    <testcase classname="nSNMP.Tests.nSNMP.Agent.SimpleScalarProviderTests" name="GetValue_WithNonMatchingOid_ReturnsNull" time="0.0000303" />
    <testcase classname="nSNMP.Tests.nSNMP.Agent.SimpleScalarProviderTests" name="GetNextOid_WithSmallerOid_ReturnsProviderOid" time="0.0000563" />
    <testcase classname="nSNMP.Tests.nSNMP.Agent.SimpleScalarProviderTests" name="SetValue_WithReadOnlyProvider_ReturnsFalse" time="0.0000397" />
    <testcase classname="nSNMP.Tests.nSNMP.Agent.SimpleScalarProviderTests" name="Constructor_WithNullOid_ThrowsException" time="0.0001394" />
    <testcase classname="nSNMP.Tests.nSNMP.Agent.SimpleScalarProviderTests" name="GetNextOid_WithExactMatch_ReturnsNull" time="0.0000317" />
    <testcase classname="nSNMP.Tests.nSNMP.Agent.SimpleScalarProviderTests" name="Constructor_WithValidOid_CreatesProvider" time="0.0000235" />
    <testcase classname="nSNMP.Tests.nSNMP.SMI.DataTypes.V1.Primitive.ObjectIdentifierEnhancedTests" name="StartsWith_Works" time="0.0001180" />
    <testcase classname="nSNMP.Tests.nSNMP.SMI.DataTypes.V1.Primitive.ObjectIdentifierEnhancedTests" name="GetNext_GeneratesCorrectNextOID" time="0.0000744" />
    <testcase classname="nSNMP.Tests.nSNMP.SMI.DataTypes.V1.Primitive.ObjectIdentifierEnhancedTests" name="Performance_OID_Operations_AreEfficient" time="0.0001264" />
    <testcase classname="nSNMP.Tests.nSNMP.SMI.DataTypes.V1.Primitive.ObjectIdentifierEnhancedTests" name="CompareTo_LexicographicOrdering_Works" time="0.0000608" />
    <testcase classname="nSNMP.Tests.nSNMP.SMI.DataTypes.V1.Primitive.ObjectIdentifierEnhancedTests" name="LexicographicSorting_WorksAsExpected" time="0.0002173" />
    <testcase classname="nSNMP.Tests.nSNMP.SMI.DataTypes.V1.Primitive.ObjectIdentifierEnhancedTests" name="CreateCached_CachesFrequentOIDs" time="0.0001509" />
    <testcase classname="nSNMP.Tests.nSNMP.SMI.DataTypes.V1.Primitive.ObjectIdentifierEnhancedTests" name="SNMP_Walk_Simulation_Works" time="0.0023654" />
    <testcase classname="nSNMP.Tests.nSNMP.SMI.DataTypes.V1.Primitive.ObjectIdentifierEnhancedTests" name="ComparisonOperators_Work" time="0.0001011" />
    <testcase classname="nSNMP.Tests.nSNMP.SMI.DataTypes.V1.Primitive.ObjectIdentifierEnhancedTests" name="EqualityOperators_Work" time="0.0000511" />
    <testcase classname="nSNMP.Tests.nSNMP.SMI.DataTypes.V1.Primitive.ObjectIdentifierEnhancedTests" name="IsPrefixOf_Works" time="0.0000484" />
    <testcase classname="nSNMP.Tests.nSNMP.SMI.DataTypes.V1.Primitive.ObjectIdentifierEnhancedTests" name="GetParent_Works" time="0.0000450" />
    <testcase classname="nSNMP.Tests.nSNMP.SMI.DataTypes.V1.Primitive.ObjectIdentifierEnhancedTests" name="GetHashCode_ConsistentForEqualOIDs" time="0.0000413" />
    <testcase classname="nSNMP.Tests.nSNMP.SMI.DataTypes.V1.Primitive.ObjectIdentifierEnhancedTests" name="Append_AddsSubIdentifier" time="0.0000388" />
    <testcase classname="nSNMP.Tests.nSNMP.SMI.DataTypes.V1.Primitive.ObjectIdentifierEnhancedTests" name="Equals_WorksCorrectly" time="0.0000497" />
    <testcase classname="nSNMP.Tests.nSNMP.SMI.DataTypes.V1.Primitive.ObjectIdentifierEnhancedTests" name="GetParent_ReturnsNull_ForRootLevel" time="0.0003838" />
    <testcase classname="nSNMP.Tests.nSNMP.Manager.SnmpErrorTests" name="GetAsync_Timeout_ThrowsSnmpTimeoutException" time="0.0582529" />
    <testcase classname="nSNMP.Tests.nSNMP.Manager.SnmpErrorTests" name="Dispose_CalledMultipleTimes_DoesNotThrow" time="0.0004990" />
    <testcase classname="nSNMP.Tests.nSNMP.Manager.SnmpErrorTests" name="GetAsync_AfterDispose_ThrowsObjectDisposedException" time="0.0023267" />
    <testcase classname="nSNMP.Tests.nSNMP.Security.KeyLocalizationTests" name="LocalizeKey_DifferentEngineIds_ProduceDifferentKeys" time="0.0136092" />
    <testcase classname="nSNMP.Tests.nSNMP.Agent.SnmpAgentHostTests" name="ProcessSetRequest_WithValidOid_UpdatesValue" time="0.1513510" />
    <testcase classname="nSNMP.Tests.nSNMP.Security.KeyLocalizationTests" name="LocalizeKey_SHA1_ProducesCorrectLength" time="0.0027760" />
    <testcase classname="nSNMP.Tests.nSNMP.Security.KeyLocalizationTests" name="LocalizeKey_SHA256_ProducesCorrectLength" time="0.0021820" />
    <testcase classname="nSNMP.Tests.nSNMP.Manager.SnmpErrorTests" name="GetAsync_SnmpError_ThrowsSnmpErrorException" time="0.0130264" />
    <testcase classname="nSNMP.Tests.nSNMP.Manager.SnmpErrorTests" name="SnmpErrorException_FromErrorStatus_CreatesCorrectMessages" time="0.0000759" />
    <testcase classname="nSNMP.Tests.nSNMP.Logging.SnmpLoggerTests" name="SnmpLogger_Creation_ShouldWork" time="0.1258680" />
    <testcase classname="nSNMP.Tests.nSNMP.Logging.SnmpLoggerTests" name="SnmpLogger_IsEnabled_ShouldWork" time="0.0000554" />
    <testcase classname="nSNMP.Tests.nSNMP.Manager.SnmpClientTests" name="WalkAsync_StopsAtEndOfSubtree" time="0.0465897" />
    <testcase classname="nSNMP.Tests.nSNMP.Logging.SnmpLoggerTests" name="SnmpClient_WithLogger_ShouldWork" time="0.0037262" />
    <testcase classname="nSNMP.Tests.nSNMP.Manager.SnmpClientTests" name="GetBulkAsync_V2c_SendsGetBulkRequest" time="0.0129467" />
    <testcase classname="nSNMP.Tests.nSNMP.Manager.SnmpClientTests" name="VarBind_CreationMethods_WorkCorrectly" time="0.0003267" />
    <testcase classname="nSNMP.Tests.nSNMP.Agent.SnmpAgentHostV3Tests" name="ProcessV3Request_WithAuthRequest_HandlesAuthentication" time="0.1406315" />
    <testcase classname="nSNMP.Tests.nSNMP.Manager.SnmpClientTests" name="SetAsync_SingleVarBind_SendsCorrectRequest" time="0.0119632" />
    <testcase classname="nSNMP.Tests.nSNMP.Manager.SnmpClientTests" name="GetBulkAsync_V1_ThrowsNotSupportedException" time="0.0004047" />
    <testcase classname="nSNMP.Tests.nSNMP.Manager.SnmpClientTests" name="CreateCommunity_CreatesClientWithCorrectSettings" time="0.0001822" />
    <testcase classname="nSNMP.Tests.nSNMP.Manager.SnmpClientTests" name="GetAsync_MultipleOids_ReturnsAllResults" time="0.0116445" />
    <testcase classname="nSNMP.Tests.nSNMP.Manager.SnmpClientTests" name="GetNextAsync_ReturnsNextOid" time="0.0118416" />
    <testcase classname="nSNMP.Tests.nSNMP.Agent.SnmpAgentHostTests" name="ProcessGetRequest_WithInvalidOid_ReturnsNoSuchObject" time="0.1057180" />
    <testcase classname="nSNMP.Tests.nSNMP.Agent.SnmpAgentHostTests" name="Constructor_WithDefaults_CreatesAgent" time="0.0001201" />
    <testcase classname="nSNMP.Tests.nSNMP.Agent.SnmpAgentHostV3Tests" name="ProcessV3Request_WithInvalidUser_ReturnsReport" time="0.1151817" />
    <testcase classname="nSNMP.Tests.nSNMP.Agent.SnmpAgentHostTests" name="ProcessGetRequest_WithValidOid_ReturnsValue" time="0.1064089" />
    <testcase classname="nSNMP.Tests.nSNMP.Agent.SnmpAgentHostTests" name="MapScalar_WithStringOid_RegistersProvider" time="0.0000837" />
    <testcase classname="nSNMP.Tests.nSNMP.Agent.SnmpAgentHostTests" name="MapScalar_WithOidAndValue_RegistersProvider" time="0.0000400" />
    <testcase classname="nSNMP.Tests.nSNMP.Agent.SnmpAgentHostTests" name="StartAsync_StartsListening" time="0.1011599" />
    <testcase classname="nSNMP.Tests.nSNMP.Agent.SnmpAgentHostTests" name="ProcessRequest_WithInvalidCommunity_IgnoresRequest" time="0.1012529" />
    <testcase classname="nSNMP.Tests.nSNMP.Agent.SnmpAgentHostTests" name="ProcessSetRequest_WithReadOnlyOid_ReturnsError" time="0.1090669" />
    <testcase classname="nSNMP.Tests.nSNMP.Agent.SnmpEngineTests" name="IncrementBoots_IncrementsBootsAndResetsTime" time="1.1001841" />
    <testcase classname="nSNMP.Tests.nSNMP.Agent.SnmpEngineTests" name="EngineBoots_DefaultsToZero" time="0.0002807" />
    <testcase classname="nSNMP.Tests.nSNMP.Agent.SnmpEngineTests" name="Constructor_GeneratesValidEngineId" time="0.0001412" />
    <testcase classname="nSNMP.Tests.nSNMP.Agent.SnmpEngineTests" name="GetParameters_ReturnsCurrentState" time="0.0001596" />
    <testcase classname="nSNMP.Tests.nSNMP.Agent.SnmpEngineTests" name="ToString_ReturnsEngineInfo" time="0.0001100" />
    <testcase classname="nSNMP.Tests.nSNMP.Agent.SnmpEngineTests" name="IsTimeValid_WithNonMatchingBoots_ReturnsFalse" time="0.0000367" />
    <testcase classname="nSNMP.Tests.nSNMP.Agent.SnmpEngineTests" name="IsTimeValid_WithMatchingBootsAndValidTime_ReturnsTrue" time="0.0000372" />
    <testcase classname="nSNMP.Tests.nSNMP.Agent.SnmpEngineTests" name="EngineIdHex_ReturnsValidHexString" time="0.0001772" />
    <testcase classname="nSNMP.Tests.nSNMP.Agent.SnmpEngineTests" name="IsTimeValid_WithCustomWindow_RespectsWindow" time="0.0000320" />
    <testcase classname="nSNMP.Tests.nSNMP.Agent.SnmpAgentHostV3Tests" name="Engine_TimeProgresses" time="1.1079083" />
    <testcase classname="nSNMP.Tests.nSNMP.Agent.SnmpAgentHostV3Tests" name="GetEngineInfo_ReturnsValidInfo" time="0.0209735" />
    <testcase classname="nSNMP.Tests.nSNMP.Agent.SnmpAgentHostV3Tests" name="AddUser_WithValidCredentials_AddsUser" time="0.0299582" />
    <testcase classname="nSNMP.Tests.nSNMP.Agent.SnmpAgentHostV3Tests" name="Constructor_WithDefaults_CreatesV3Agent" time="0.0188709" />
    <testcase classname="nSNMP.Tests.nSNMP.Agent.SnmpAgentHostV3Tests" name="ProcessV3DiscoveryRequest_ReturnsEngineParameters" time="0.1230768" />
    <testcase classname="nSNMP.Tests.nSNMP.Agent.SnmpAgentHostV3Tests" name="UserDatabase_SupportsUserManagement" time="0.0159294" />
    <testcase classname="nSNMP.Tests.nSNMP.Agent.SnmpAgentHostV3Tests" name="Engine_HasValidEngineId" time="0.0114572" />
    <testcase classname="nSNMP.Tests.nSNMP.Agent.SnmpAgentHostV3Tests" name="AddUser_WithFactoryMethod_AddsUser" time="0.0146279" />
    <testcase classname="nSNMP.Tests.nSNMP.Agent.SnmpEngineTests" name="EngineTime_ProgressesOverTime" time="1.1011174" />
    <system-out>
Test Framework Informational Messages:
[xUnit.net 00:00:00.00] xUnit.net VSTest Adapter v2.8.2+699d445a1a (64-bit .NET 9.0.9)
[xUnit.net 00:00:00.04]   Discovering: nSNMP.Tests
[xUnit.net 00:00:00.07]   Discovered:  nSNMP.Tests
[xUnit.net 00:00:00.07]   Starting:    nSNMP.Tests
[xUnit.net 00:00:02.38]   Finished:    nSNMP.Tests
</system-out>
    <system-err></system-err>
  </testsuite>
</testsuites>